# JRE version: OpenJDK Runtime Environment (7.0_91-b02) (build 1.7.0_91-b02)
# Java VM: OpenJDK 64-Bit Server VM (24.91-b01 mixed mode linux-amd64 compressed oops)
Heap
 PSYoungGen      total 18432K, used 1008K [0x00000000f2200000, 0x00000000f3500000, 0x0000000100000000)
  eden space 17408K, 0% used [0x00000000f2200000,0x00000000f2200000,0x00000000f3300000)
  from space 1024K, 98% used [0x00000000f3300000,0x00000000f33fc010,0x00000000f3400000)
  to   space 1024K, 0% used [0x00000000f3400000,0x00000000f3400000,0x00000000f3500000)
 ParOldGen       total 21504K, used 5639K [0x00000000d6600000, 0x00000000d7b00000, 0x00000000f2200000)
  object space 21504K, 26% used [0x00000000d6600000,0x00000000d6b81dc8,0x00000000d7b00000)
 PSPermGen       total 21504K, used 10392K [0x00000000cc000000, 0x00000000cd500000, 0x00000000d6600000)
  object space 21504K, 48% used [0x00000000cc000000,0x00000000cca26098,0x00000000cd500000)
GC Heap History (5 events):
Event: 0.813 GC heap before
{Heap before GC invocations=1 (full 0):
 PSYoungGen      total 9728K, used 8704K [0x00000000f2200000, 0x00000000f2c80000, 0x0000000100000000)
  eden space 8704K, 100% used [0x00000000f2200000,0x00000000f2a80000,0x00000000f2a80000)
  from space 1024K, 0% used [0x00000000f2b80000,0x00000000f2b80000,0x00000000f2c80000)
  to   space 1024K, 0% used [0x00000000f2a80000,0x00000000f2a80000,0x00000000f2b80000)
 ParOldGen       total 21504K, used 0K [0x00000000d6600000, 0x00000000d7b00000, 0x00000000f2200000)
  object space 21504K, 0% used [0x00000000d6600000,0x00000000d6600000,0x00000000d7b00000)
 PSPermGen       total 21504K, used 5643K [0x00000000cc000000, 0x00000000cd500000, 0x00000000d6600000)
  object space 21504K, 26% used [0x00000000cc000000,0x00000000cc582d88,0x00000000cd500000)
Event: 0.831 GC heap after
Heap after GC invocations=1 (full 0):
 PSYoungGen      total 9728K, used 1008K [0x00000000f2200000, 0x00000000f3500000, 0x0000000100000000)
  eden space 8704K, 0% used [0x00000000f2200000,0x00000000f2200000,0x00000000f2a80000)
  from space 1024K, 98% used [0x00000000f2a80000,0x00000000f2b7c010,0x00000000f2b80000)
  to   space 1024K, 0% used [0x00000000f3400000,0x00000000f3400000,0x00000000f3500000)
 ParOldGen       total 21504K, used 1313K [0x00000000d6600000, 0x00000000d7b00000, 0x00000000f2200000)
  object space 21504K, 6% used [0x00000000d6600000,0x00000000d67484f0,0x00000000d7b00000)
 PSPermGen       total 21504K, used 5643K [0x00000000cc000000, 0x00000000cd500000, 0x00000000d6600000)
  object space 21504K, 26% used [0x00000000cc000000,0x00000000cc582d88,0x00000000cd500000)
}
Event: 1.487 GC heap before
{Heap before GC invocations=2 (full 0):
 PSYoungGen      total 9728K, used 9712K [0x00000000f2200000, 0x00000000f3500000, 0x0000000100000000)
  eden space 8704K, 100% used [0x00000000f2200000,0x00000000f2a80000,0x00000000f2a80000)
  from space 1024K, 98% used [0x00000000f2a80000,0x00000000f2b7c010,0x00000000f2b80000)
  to   space 1024K, 0% used [0x00000000f3400000,0x00000000f3400000,0x00000000f3500000)
 ParOldGen       total 21504K, used 1313K [0x00000000d6600000, 0x00000000d7b00000, 0x00000000f2200000)
  object space 21504K, 6% used [0x00000000d6600000,0x00000000d67484f0,0x00000000d7b00000)
 PSPermGen       total 21504K, used 7588K [0x00000000cc000000, 0x00000000cd500000, 0x00000000d6600000)
  object space 21504K, 35% used [0x00000000cc000000,0x00000000cc769370,0x00000000cd500000)
Event: 1.529 GC heap after
Heap after GC invocations=2 (full 0):
 PSYoungGen      total 18432K, used 1008K [0x00000000f2200000, 0x00000000f3500000, 0x0000000100000000)
  eden space 17408K, 0% used [0x00000000f2200000,0x00000000f2200000,0x00000000f3300000)
  from space 1024K, 98% used [0x00000000f3400000,0x00000000f34fc010,0x00000000f3500000)
  to   space 1024K, 0% used [0x00000000f3300000,0x00000000f3300000,0x00000000f3400000)
 ParOldGen       total 21504K, used 2946K [0x00000000d6600000, 0x00000000d7b00000, 0x00000000f2200000)
  object space 21504K, 13% used [0x00000000d6600000,0x00000000d68e0b10,0x00000000d7b00000)
 PSPermGen       total 21504K, used 7588K [0x00000000cc000000, 0x00000000cd500000, 0x00000000d6600000)
  object space 21504K, 35% used [0x00000000cc000000,0x00000000cc769370,0x00000000cd500000)
}
Event: 3.431 GC heap before
{Heap before GC invocations=3 (full 0):
 PSYoungGen      total 18432K, used 18416K [0x00000000f2200000, 0x00000000f3500000, 0x0000000100000000)
  eden space 17408K, 100% used [0x00000000f2200000,0x00000000f3300000,0x00000000f3300000)
  from space 1024K, 98% used [0x00000000f3400000,0x00000000f34fc010,0x00000000f3500000)
  to   space 1024K, 0% used [0x00000000f3300000,0x00000000f3300000,0x00000000f3400000)
 ParOldGen       total 21504K, used 2946K [0x00000000d6600000, 0x00000000d7b00000, 0x00000000f2200000)
  object space 21504K, 13% used [0x00000000d6600000,0x00000000d68e0b10,0x00000000d7b00000)
 PSPermGen       total 21504K, used 10392K [0x00000000cc000000, 0x00000000cd500000, 0x00000000d6600000)
  object space 21504K, 48% used [0x00000000cc000000,0x00000000cca26098,0x00000000cd500000)

