# JRE version: OpenJDK Runtime Environment (7.0_91-b02) (build 1.7.0_91-b02)
# Java VM: OpenJDK 64-Bit Server VM (24.91-b01 mixed mode linux-amd64 compressed oops)
Heap
 PSYoungGen      total 167936K, used 9714K [0x00000000f2200000, 0x00000000fd380000, 0x0000000100000000)
  eden space 158208K, 0% used [0x00000000f2200000,0x00000000f2200000,0x00000000fbc80000)
  from space 9728K, 99% used [0x00000000fc080000,0x00000000fc9fcb30,0x00000000fca00000)
  to   space 2560K, 0% used [0x00000000fd100000,0x00000000fd100000,0x00000000fd380000)
 ParOldGen       total 37888K, used 33346K [0x00000000d6600000, 0x00000000d8b00000, 0x00000000f2200000)
  object space 37888K, 88% used [0x00000000d6600000,0x00000000d8690b50,0x00000000d8b00000)
 PSPermGen       total 73728K, used 36966K [0x00000000cc000000, 0x00000000d0800000, 0x00000000d6600000)
  object space 73728K, 50% used [0x00000000cc000000,0x00000000ce419b00,0x00000000d0800000)
GC Heap History (10 events):
Event: 23.797 GC heap after
Heap after GC invocations=11 (full 0):
 PSYoungGen      total 115712K, used 96K [0x00000000f2200000, 0x00000000fda00000, 0x0000000100000000)
  eden space 108544K, 0% used [0x00000000f2200000,0x00000000f2200000,0x00000000f8c00000)
  from space 7168K, 1% used [0x00000000f8c00000,0x00000000f8c18000,0x00000000f9300000)
  to   space 7168K, 0% used [0x00000000fd300000,0x00000000fd300000,0x00000000fda00000)
 ParOldGen       total 21504K, used 16397K [0x00000000d6600000, 0x00000000d7b00000, 0x00000000f2200000)
  object space 21504K, 76% used [0x00000000d6600000,0x00000000d76036d0,0x00000000d7b00000)
 PSPermGen       total 29184K, used 28674K [0x00000000cc000000, 0x00000000cdc80000, 0x00000000d6600000)
  object space 29184K, 98% used [0x00000000cc000000,0x00000000cdc00938,0x00000000cdc80000)
}
Event: 26.159 GC heap before
{Heap before GC invocations=12 (full 0):
 PSYoungGen      total 115712K, used 108640K [0x00000000f2200000, 0x00000000fda00000, 0x0000000100000000)
  eden space 108544K, 100% used [0x00000000f2200000,0x00000000f8c00000,0x00000000f8c00000)
  from space 7168K, 1% used [0x00000000f8c00000,0x00000000f8c18000,0x00000000f9300000)
  to   space 7168K, 0% used [0x00000000fd300000,0x00000000fd300000,0x00000000fda00000)
 ParOldGen       total 21504K, used 16397K [0x00000000d6600000, 0x00000000d7b00000, 0x00000000f2200000)
  object space 21504K, 76% used [0x00000000d6600000,0x00000000d76036d0,0x00000000d7b00000)
 PSPermGen       total 32768K, used 32269K [0x00000000cc000000, 0x00000000ce000000, 0x00000000d6600000)
  object space 32768K, 98% used [0x00000000cc000000,0x00000000cdf837e0,0x00000000ce000000)
Event: 26.165 GC heap after
Heap after GC invocations=12 (full 0):
 PSYoungGen      total 181248K, used 3975K [0x00000000f2200000, 0x00000000fda00000, 0x0000000100000000)
  eden space 174080K, 0% used [0x00000000f2200000,0x00000000f2200000,0x00000000fcc00000)
  from space 7168K, 55% used [0x00000000fd300000,0x00000000fd6e1ea0,0x00000000fda00000)
  to   space 7168K, 0% used [0x00000000fcc00000,0x00000000fcc00000,0x00000000fd300000)
 ParOldGen       total 21504K, used 16413K [0x00000000d6600000, 0x00000000d7b00000, 0x00000000f2200000)
  object space 21504K, 76% used [0x00000000d6600000,0x00000000d76076d0,0x00000000d7b00000)
 PSPermGen       total 32768K, used 32269K [0x00000000cc000000, 0x00000000ce000000, 0x00000000d6600000)
  object space 32768K, 98% used [0x00000000cc000000,0x00000000cdf837e0,0x00000000ce000000)
}
Event: 161.004 GC heap before
{Heap before GC invocations=13 (full 0):
 PSYoungGen      total 181248K, used 178055K [0x00000000f2200000, 0x00000000fda00000, 0x0000000100000000)
  eden space 174080K, 100% used [0x00000000f2200000,0x00000000fcc00000,0x00000000fcc00000)
  from space 7168K, 55% used [0x00000000fd300000,0x00000000fd6e1ea0,0x00000000fda00000)
  to   space 7168K, 0% used [0x00000000fcc00000,0x00000000fcc00000,0x00000000fd300000)
 ParOldGen       total 21504K, used 16413K [0x00000000d6600000, 0x00000000d7b00000, 0x00000000f2200000)
  object space 21504K, 76% used [0x00000000d6600000,0x00000000d76076d0,0x00000000d7b00000)
 PSPermGen       total 36352K, used 36105K [0x00000000cc000000, 0x00000000ce380000, 0x00000000d6600000)
  object space 36352K, 99% used [0x00000000cc000000,0x00000000ce342738,0x00000000ce380000)
Event: 161.016 GC heap after
Heap after GC invocations=13 (full 0):
 PSYoungGen      total 171008K, used 4864K [0x00000000f2200000, 0x00000000fd380000, 0x0000000100000000)
  eden space 165888K, 0% used [0x00000000f2200000,0x00000000f2200000,0x00000000fc400000)
  from space 5120K, 95% used [0x00000000fcc00000,0x00000000fd0c0060,0x00000000fd100000)
  to   space 2560K, 0% used [0x00000000fd100000,0x00000000fd100000,0x00000000fd380000)
 ParOldGen       total 21504K, used 17755K [0x00000000d6600000, 0x00000000d7b00000, 0x00000000f2200000)
  object space 21504K, 82% used [0x00000000d6600000,0x00000000d7756f58,0x00000000d7b00000)
 PSPermGen       total 36352K, used 36105K [0x00000000cc000000, 0x00000000ce380000, 0x00000000d6600000)
  object space 36352K, 99% used [0x00000000cc000000,0x00000000ce342738,0x00000000ce380000)
}
Event: 219.790 GC heap before
{Heap before GC invocations=14 (full 0):
 PSYoungGen      total 171008K, used 170752K [0x00000000f2200000, 0x00000000fd380000, 0x0000000100000000)
  eden space 165888K, 100% used [0x00000000f2200000,0x00000000fc400000,0x00000000fc400000)
  from space 5120K, 95% used [0x00000000fcc00000,0x00000000fd0c0060,0x00000000fd100000)
  to   space 2560K, 0% used [0x00000000fd100000,0x00000000fd100000,0x00000000fd380000)
 ParOldGen       total 21504K, used 17755K [0x00000000d6600000, 0x00000000d7b00000, 0x00000000f2200000)
  object space 21504K, 82% used [0x00000000d6600000,0x00000000d7756f58,0x00000000d7b00000)
 PSPermGen       total 36864K, used 36863K [0x00000000cc000000, 0x00000000ce400000, 0x00000000d6600000)
  object space 36864K, 99% used [0x00000000cc000000,0x00000000ce3ffc60,0x00000000ce400000)
Event: 219.809 GC heap after
Heap after GC invocations=14 (full 0):
 PSYoungGen      total 160768K, used 2545K [0x00000000f2200000, 0x00000000fd380000, 0x0000000100000000)
  eden space 158208K, 0% used [0x00000000f2200000,0x00000000f2200000,0x00000000fbc80000)
  from space 2560K, 99% used [0x00000000fd100000,0x00000000fd37c470,0x00000000fd380000)
  to   space 9728K, 0% used [0x00000000fc080000,0x00000000fc080000,0x00000000fca00000)
 ParOldGen       total 27136K, used 26710K [0x00000000d6600000, 0x00000000d8080000, 0x00000000f2200000)
  object space 27136K, 98% used [0x00000000d6600000,0x00000000d8015bd8,0x00000000d8080000)
 PSPermGen       total 36864K, used 36863K [0x00000000cc000000, 0x00000000ce400000, 0x00000000d6600000)
  object space 36864K, 99% used [0x00000000cc000000,0x00000000ce3ffc60,0x00000000ce400000)
}
Event: 219.809 GC heap before
{Heap before GC invocations=15 (full 1):
 PSYoungGen      total 160768K, used 2545K [0x00000000f2200000, 0x00000000fd380000, 0x0000000100000000)
  eden space 158208K, 0% used [0x00000000f2200000,0x00000000f2200000,0x00000000fbc80000)
  from space 2560K, 99% used [0x00000000fd100000,0x00000000fd37c470,0x00000000fd380000)
  to   space 9728K, 0% used [0x00000000fc080000,0x00000000fc080000,0x00000000fca00000)
 ParOldGen       total 27136K, used 26710K [0x00000000d6600000, 0x00000000d8080000, 0x00000000f2200000)
  object space 27136K, 98% used [0x00000000d6600000,0x00000000d8015bd8,0x00000000d8080000)
 PSPermGen       total 36864K, used 36863K [0x00000000cc000000, 0x00000000ce400000, 0x00000000d6600000)
  object space 36864K, 99% used [0x00000000cc000000,0x00000000ce3ffc60,0x00000000ce400000)
Event: 220.004 GC heap after
Heap after GC invocations=15 (full 1):
 PSYoungGen      total 160768K, used 0K [0x00000000f2200000, 0x00000000fd380000, 0x0000000100000000)
  eden space 158208K, 0% used [0x00000000f2200000,0x00000000f2200000,0x00000000fbc80000)
  from space 2560K, 0% used [0x00000000fd100000,0x00000000fd100000,0x00000000fd380000)
  to   space 9728K, 0% used [0x00000000fc080000,0x00000000fc080000,0x00000000fca00000)
 ParOldGen       total 37888K, used 23802K [0x00000000d6600000, 0x00000000d8b00000, 0x00000000f2200000)
  object space 37888K, 62% used [0x00000000d6600000,0x00000000d7d3e8d8,0x00000000d8b00000)
 PSPermGen       total 73728K, used 36846K [0x00000000cc000000, 0x00000000d0800000, 0x00000000d6600000)
  object space 73728K, 49% used [0x00000000cc000000,0x00000000ce3fba28,0x00000000d0800000)
}
Event: 273.202 GC heap before
{Heap before GC invocations=16 (full 1):
 PSYoungGen      total 160768K, used 158208K [0x00000000f2200000, 0x00000000fd380000, 0x0000000100000000)
  eden space 158208K, 100% used [0x00000000f2200000,0x00000000fbc80000,0x00000000fbc80000)
  from space 2560K, 0% used [0x00000000fd100000,0x00000000fd100000,0x00000000fd380000)
  to   space 9728K, 0% used [0x00000000fc080000,0x00000000fc080000,0x00000000fca00000)
 ParOldGen       total 37888K, used 23802K [0x00000000d6600000, 0x00000000d8b00000, 0x00000000f2200000)
  object space 37888K, 62% used [0x00000000d6600000,0x00000000d7d3e8d8,0x00000000d8b00000)
 PSPermGen       total 73728K, used 36966K [0x00000000cc000000, 0x00000000d0800000, 0x00000000d6600000)
  object space 73728K, 50% used [0x00000000cc000000,0x00000000ce419b00,0x00000000d0800000)

