# JRE version: OpenJDK Runtime Environment (7.0_91-b02) (build 1.7.0_91-b02)
# Java VM: OpenJDK 64-Bit Server VM (24.91-b01 mixed mode linux-amd64 compressed oops)
Heap
 PSYoungGen      total 74752K, used 5629K [0x00000000f2200000, 0x00000000f7100000, 0x0000000100000000)
  eden space 69120K, 0% used [0x00000000f2200000,0x00000000f2200000,0x00000000f6580000)
  from space 5632K, 99% used [0x00000000f6580000,0x00000000f6aff468,0x00000000f6b00000)
  to   space 5120K, 0% used [0x00000000f6b00000,0x00000000f6b00000,0x00000000f7000000)
 ParOldGen       total 21504K, used 13991K [0x00000000d6600000, 0x00000000d7b00000, 0x00000000f2200000)
  object space 21504K, 65% used [0x00000000d6600000,0x00000000d73a9cb8,0x00000000d7b00000)
 PSPermGen       total 27648K, used 27387K [0x00000000cc000000, 0x00000000cdb00000, 0x00000000d6600000)
  object space 27648K, 99% used [0x00000000cc000000,0x00000000cdabee78,0x00000000cdb00000)
GC Heap History (10 events):
Event: 0.813 GC heap after
Heap after GC invocations=2 (full 0):
 PSYoungGen      total 18432K, used 1008K [0x00000000f2200000, 0x00000000f3500000, 0x0000000100000000)
  eden space 17408K, 0% used [0x00000000f2200000,0x00000000f2200000,0x00000000f3300000)
  from space 1024K, 98% used [0x00000000f3400000,0x00000000f34fc010,0x00000000f3500000)
  to   space 1024K, 0% used [0x00000000f3300000,0x00000000f3300000,0x00000000f3400000)
 ParOldGen       total 21504K, used 3022K [0x00000000d6600000, 0x00000000d7b00000, 0x00000000f2200000)
  object space 21504K, 14% used [0x00000000d6600000,0x00000000d68f3988,0x00000000d7b00000)
 PSPermGen       total 21504K, used 9360K [0x00000000cc000000, 0x00000000cd500000, 0x00000000d6600000)
  object space 21504K, 43% used [0x00000000cc000000,0x00000000cc924270,0x00000000cd500000)
}
Event: 1.409 GC heap before
{Heap before GC invocations=3 (full 0):
 PSYoungGen      total 18432K, used 18416K [0x00000000f2200000, 0x00000000f3500000, 0x0000000100000000)
  eden space 17408K, 100% used [0x00000000f2200000,0x00000000f3300000,0x00000000f3300000)
  from space 1024K, 98% used [0x00000000f3400000,0x00000000f34fc010,0x00000000f3500000)
  to   space 1024K, 0% used [0x00000000f3300000,0x00000000f3300000,0x00000000f3400000)
 ParOldGen       total 21504K, used 3022K [0x00000000d6600000, 0x00000000d7b00000, 0x00000000f2200000)
  object space 21504K, 14% used [0x00000000d6600000,0x00000000d68f3988,0x00000000d7b00000)
 PSPermGen       total 21504K, used 12745K [0x00000000cc000000, 0x00000000cd500000, 0x00000000d6600000)
  object space 21504K, 59% used [0x00000000cc000000,0x00000000ccc72658,0x00000000cd500000)
Event: 1.420 GC heap after
Heap after GC invocations=3 (full 0):
 PSYoungGen      total 18432K, used 1008K [0x00000000f2200000, 0x00000000f4600000, 0x0000000100000000)
  eden space 17408K, 0% used [0x00000000f2200000,0x00000000f2200000,0x00000000f3300000)
  from space 1024K, 98% used [0x00000000f3300000,0x00000000f33fc030,0x00000000f3400000)
  to   space 1024K, 0% used [0x00000000f4500000,0x00000000f4500000,0x00000000f4600000)
 ParOldGen       total 21504K, used 6084K [0x00000000d6600000, 0x00000000d7b00000, 0x00000000f2200000)
  object space 21504K, 28% used [0x00000000d6600000,0x00000000d6bf1070,0x00000000d7b00000)
 PSPermGen       total 21504K, used 12745K [0x00000000cc000000, 0x00000000cd500000, 0x00000000d6600000)
  object space 21504K, 59% used [0x00000000cc000000,0x00000000ccc72658,0x00000000cd500000)
}
Event: 1.950 GC heap before
{Heap before GC invocations=4 (full 0):
 PSYoungGen      total 18432K, used 18416K [0x00000000f2200000, 0x00000000f4600000, 0x0000000100000000)
  eden space 17408K, 100% used [0x00000000f2200000,0x00000000f3300000,0x00000000f3300000)
  from space 1024K, 98% used [0x00000000f3300000,0x00000000f33fc030,0x00000000f3400000)
  to   space 1024K, 0% used [0x00000000f4500000,0x00000000f4500000,0x00000000f4600000)
 ParOldGen       total 21504K, used 6084K [0x00000000d6600000, 0x00000000d7b00000, 0x00000000f2200000)
  object space 21504K, 28% used [0x00000000d6600000,0x00000000d6bf1070,0x00000000d7b00000)
 PSPermGen       total 21504K, used 14570K [0x00000000cc000000, 0x00000000cd500000, 0x00000000d6600000)
  object space 21504K, 67% used [0x00000000cc000000,0x00000000cce3a8e0,0x00000000cd500000)
Event: 1.959 GC heap after
Heap after GC invocations=4 (full 0):
 PSYoungGen      total 35840K, used 1008K [0x00000000f2200000, 0x00000000f4600000, 0x0000000100000000)
  eden space 34816K, 0% used [0x00000000f2200000,0x00000000f2200000,0x00000000f4400000)
  from space 1024K, 98% used [0x00000000f4500000,0x00000000f45fc010,0x00000000f4600000)
  to   space 1024K, 0% used [0x00000000f4400000,0x00000000f4400000,0x00000000f4500000)
 ParOldGen       total 21504K, used 8297K [0x00000000d6600000, 0x00000000d7b00000, 0x00000000f2200000)
  object space 21504K, 38% used [0x00000000d6600000,0x00000000d6e1a6e8,0x00000000d7b00000)
 PSPermGen       total 21504K, used 14570K [0x00000000cc000000, 0x00000000cd500000, 0x00000000d6600000)
  object space 21504K, 67% used [0x00000000cc000000,0x00000000cce3a8e0,0x00000000cd500000)
}
Event: 3.168 GC heap before
{Heap before GC invocations=5 (full 0):
 PSYoungGen      total 35840K, used 35824K [0x00000000f2200000, 0x00000000f4600000, 0x0000000100000000)
  eden space 34816K, 100% used [0x00000000f2200000,0x00000000f4400000,0x00000000f4400000)
  from space 1024K, 98% used [0x00000000f4500000,0x00000000f45fc010,0x00000000f4600000)
  to   space 1024K, 0% used [0x00000000f4400000,0x00000000f4400000,0x00000000f4500000)
 ParOldGen       total 21504K, used 8297K [0x00000000d6600000, 0x00000000d7b00000, 0x00000000f2200000)
  object space 21504K, 38% used [0x00000000d6600000,0x00000000d6e1a6e8,0x00000000d7b00000)
 PSPermGen       total 21504K, used 17875K [0x00000000cc000000, 0x00000000cd500000, 0x00000000d6600000)
  object space 21504K, 83% used [0x00000000cc000000,0x00000000cd174d98,0x00000000cd500000)
Event: 3.186 GC heap after
Heap after GC invocations=5 (full 0):
 PSYoungGen      total 35840K, used 1024K [0x00000000f2200000, 0x00000000f7000000, 0x0000000100000000)
  eden space 34816K, 0% used [0x00000000f2200000,0x00000000f2200000,0x00000000f4400000)
  from space 1024K, 100% used [0x00000000f4400000,0x00000000f4500000,0x00000000f4500000)
  to   space 5120K, 0% used [0x00000000f6b00000,0x00000000f6b00000,0x00000000f7000000)
 ParOldGen       total 21504K, used 11801K [0x00000000d6600000, 0x00000000d7b00000, 0x00000000f2200000)
  object space 21504K, 54% used [0x00000000d6600000,0x00000000d71864e8,0x00000000d7b00000)
 PSPermGen       total 21504K, used 17875K [0x00000000cc000000, 0x00000000cd500000, 0x00000000d6600000)
  object space 21504K, 83% used [0x00000000cc000000,0x00000000cd174d98,0x00000000cd500000)
}
Event: 3.727 GC heap before
{Heap before GC invocations=6 (full 0):
 PSYoungGen      total 35840K, used 35840K [0x00000000f2200000, 0x00000000f7000000, 0x0000000100000000)
  eden space 34816K, 100% used [0x00000000f2200000,0x00000000f4400000,0x00000000f4400000)
  from space 1024K, 100% used [0x00000000f4400000,0x00000000f4500000,0x00000000f4500000)
  to   space 5120K, 0% used [0x00000000f6b00000,0x00000000f6b00000,0x00000000f7000000)
 ParOldGen       total 21504K, used 11801K [0x00000000d6600000, 0x00000000d7b00000, 0x00000000f2200000)
  object space 21504K, 54% used [0x00000000d6600000,0x00000000d71864e8,0x00000000d7b00000)
 PSPermGen       total 21504K, used 20877K [0x00000000cc000000, 0x00000000cd500000, 0x00000000d6600000)
  object space 21504K, 97% used [0x00000000cc000000,0x00000000cd463410,0x00000000cd500000)
Event: 3.737 GC heap after
Heap after GC invocations=6 (full 0):
 PSYoungGen      total 74240K, used 4580K [0x00000000f2200000, 0x00000000f7100000, 0x0000000100000000)
  eden space 69120K, 0% used [0x00000000f2200000,0x00000000f2200000,0x00000000f6580000)
  from space 5120K, 89% used [0x00000000f6b00000,0x00000000f6f792c0,0x00000000f7000000)
  to   space 5632K, 0% used [0x00000000f6580000,0x00000000f6580000,0x00000000f6b00000)
 ParOldGen       total 21504K, used 11801K [0x00000000d6600000, 0x00000000d7b00000, 0x00000000f2200000)
  object space 21504K, 54% used [0x00000000d6600000,0x00000000d71864e8,0x00000000d7b00000)
 PSPermGen       total 21504K, used 20877K [0x00000000cc000000, 0x00000000cd500000, 0x00000000d6600000)
  object space 21504K, 97% used [0x00000000cc000000,0x00000000cd463410,0x00000000cd500000)
}
Event: 4.606 GC heap before
{Heap before GC invocations=7 (full 0):
 PSYoungGen      total 74240K, used 73700K [0x00000000f2200000, 0x00000000f7100000, 0x0000000100000000)
  eden space 69120K, 100% used [0x00000000f2200000,0x00000000f6580000,0x00000000f6580000)
  from space 5120K, 89% used [0x00000000f6b00000,0x00000000f6f792c0,0x00000000f7000000)
  to   space 5632K, 0% used [0x00000000f6580000,0x00000000f6580000,0x00000000f6b00000)
 ParOldGen       total 21504K, used 11801K [0x00000000d6600000, 0x00000000d7b00000, 0x00000000f2200000)
  object space 21504K, 54% used [0x00000000d6600000,0x00000000d71864e8,0x00000000d7b00000)
 PSPermGen       total 27648K, used 27387K [0x00000000cc000000, 0x00000000cdb00000, 0x00000000d6600000)
  object space 27648K, 99% used [0x00000000cc000000,0x00000000cdabee78,0x00000000cdb00000)

