# JRE version: OpenJDK Runtime Environment (7.0_91-b02) (build 1.7.0_91-b02)
# Java VM: OpenJDK 64-Bit Server VM (24.91-b01 mixed mode linux-amd64 compressed oops)
Heap
 PSYoungGen      total 115712K, used 96K [0x00000000f2200000, 0x00000000f9a00000, 0x0000000100000000)
  eden space 108544K, 0% used [0x00000000f2200000,0x00000000f2200000,0x00000000f8c00000)
  from space 7168K, 1% used [0x00000000f8c00000,0x00000000f8c18000,0x00000000f9300000)
  to   space 7168K, 0% used [0x00000000f9300000,0x00000000f9300000,0x00000000f9a00000)
 ParOldGen       total 21504K, used 16418K [0x00000000d6600000, 0x00000000d7b00000, 0x00000000f2200000)
  object space 21504K, 76% used [0x00000000d6600000,0x00000000d7608a10,0x00000000d7b00000)
 PSPermGen       total 29184K, used 28679K [0x00000000cc000000, 0x00000000cdc80000, 0x00000000d6600000)
  object space 29184K, 98% used [0x00000000cc000000,0x00000000cdc01ef0,0x00000000cdc80000)
GC Heap History (10 events):
Event: 2.066 GC heap after
Heap after GC invocations=6 (full 0):
 PSYoungGen      total 37888K, used 3566K [0x00000000f2200000, 0x00000000f4c00000, 0x0000000100000000)
  eden space 34304K, 0% used [0x00000000f2200000,0x00000000f2200000,0x00000000f4380000)
  from space 3584K, 99% used [0x00000000f4780000,0x00000000f4afb8e0,0x00000000f4b00000)
  to   space 4096K, 0% used [0x00000000f4380000,0x00000000f4380000,0x00000000f4780000)
 ParOldGen       total 21504K, used 8267K [0x00000000d6600000, 0x00000000d7b00000, 0x00000000f2200000)
  object space 21504K, 38% used [0x00000000d6600000,0x00000000d6e12da8,0x00000000d7b00000)
 PSPermGen       total 21504K, used 17345K [0x00000000cc000000, 0x00000000cd500000, 0x00000000d6600000)
  object space 21504K, 80% used [0x00000000cc000000,0x00000000cd0f0648,0x00000000cd500000)
}
Event: 2.517 GC heap before
{Heap before GC invocations=7 (full 0):
 PSYoungGen      total 37888K, used 37870K [0x00000000f2200000, 0x00000000f4c00000, 0x0000000100000000)
  eden space 34304K, 100% used [0x00000000f2200000,0x00000000f4380000,0x00000000f4380000)
  from space 3584K, 99% used [0x00000000f4780000,0x00000000f4afb8e0,0x00000000f4b00000)
  to   space 4096K, 0% used [0x00000000f4380000,0x00000000f4380000,0x00000000f4780000)
 ParOldGen       total 21504K, used 8267K [0x00000000d6600000, 0x00000000d7b00000, 0x00000000f2200000)
  object space 21504K, 38% used [0x00000000d6600000,0x00000000d6e12da8,0x00000000d7b00000)
 PSPermGen       total 21504K, used 19257K [0x00000000cc000000, 0x00000000cd500000, 0x00000000d6600000)
  object space 21504K, 89% used [0x00000000cc000000,0x00000000cd2ce4a0,0x00000000cd500000)
Event: 2.529 GC heap after
Heap after GC invocations=7 (full 0):
 PSYoungGen      total 38400K, used 3852K [0x00000000f2200000, 0x00000000f6e00000, 0x0000000100000000)
  eden space 34304K, 0% used [0x00000000f2200000,0x00000000f2200000,0x00000000f4380000)
  from space 4096K, 94% used [0x00000000f4380000,0x00000000f4743150,0x00000000f4780000)
  to   space 4608K, 0% used [0x00000000f6980000,0x00000000f6980000,0x00000000f6e00000)
 ParOldGen       total 21504K, used 8747K [0x00000000d6600000, 0x00000000d7b00000, 0x00000000f2200000)
  object space 21504K, 40% used [0x00000000d6600000,0x00000000d6e8ae38,0x00000000d7b00000)
 PSPermGen       total 21504K, used 19257K [0x00000000cc000000, 0x00000000cd500000, 0x00000000d6600000)
  object space 21504K, 89% used [0x00000000cc000000,0x00000000cd2ce4a0,0x00000000cd500000)
}
Event: 2.934 GC heap before
{Heap before GC invocations=8 (full 0):
 PSYoungGen      total 38400K, used 38156K [0x00000000f2200000, 0x00000000f6e00000, 0x0000000100000000)
  eden space 34304K, 100% used [0x00000000f2200000,0x00000000f4380000,0x00000000f4380000)
  from space 4096K, 94% used [0x00000000f4380000,0x00000000f4743150,0x00000000f4780000)
  to   space 4608K, 0% used [0x00000000f6980000,0x00000000f6980000,0x00000000f6e00000)
 ParOldGen       total 21504K, used 8747K [0x00000000d6600000, 0x00000000d7b00000, 0x00000000f2200000)
  object space 21504K, 40% used [0x00000000d6600000,0x00000000d6e8ae38,0x00000000d7b00000)
 PSPermGen       total 23040K, used 22546K [0x00000000cc000000, 0x00000000cd680000, 0x00000000d6600000)
  object space 23040K, 97% used [0x00000000cc000000,0x00000000cd604ba0,0x00000000cd680000)
Event: 2.945 GC heap after
Heap after GC invocations=8 (full 0):
 PSYoungGen      total 72192K, used 4581K [0x00000000f2200000, 0x00000000f7000000, 0x0000000100000000)
  eden space 67584K, 0% used [0x00000000f2200000,0x00000000f2200000,0x00000000f6400000)
  from space 4608K, 99% used [0x00000000f6980000,0x00000000f6df9500,0x00000000f6e00000)
  to   space 5632K, 0% used [0x00000000f6400000,0x00000000f6400000,0x00000000f6980000)
 ParOldGen       total 21504K, used 10375K [0x00000000d6600000, 0x00000000d7b00000, 0x00000000f2200000)
  object space 21504K, 48% used [0x00000000d6600000,0x00000000d7021ce0,0x00000000d7b00000)
 PSPermGen       total 23040K, used 22546K [0x00000000cc000000, 0x00000000cd680000, 0x00000000d6600000)
  object space 23040K, 97% used [0x00000000cc000000,0x00000000cd604ba0,0x00000000cd680000)
}
Event: 7.712 GC heap before
{Heap before GC invocations=9 (full 0):
 PSYoungGen      total 72192K, used 72165K [0x00000000f2200000, 0x00000000f7000000, 0x0000000100000000)
  eden space 67584K, 100% used [0x00000000f2200000,0x00000000f6400000,0x00000000f6400000)
  from space 4608K, 99% used [0x00000000f6980000,0x00000000f6df9500,0x00000000f6e00000)
  to   space 5632K, 0% used [0x00000000f6400000,0x00000000f6400000,0x00000000f6980000)
 ParOldGen       total 21504K, used 10375K [0x00000000d6600000, 0x00000000d7b00000, 0x00000000f2200000)
  object space 21504K, 48% used [0x00000000d6600000,0x00000000d7021ce0,0x00000000d7b00000)
 PSPermGen       total 28160K, used 27879K [0x00000000cc000000, 0x00000000cdb80000, 0x00000000d6600000)
  object space 28160K, 99% used [0x00000000cc000000,0x00000000cdb39ea0,0x00000000cdb80000)
Event: 7.726 GC heap after
Heap after GC invocations=9 (full 0):
 PSYoungGen      total 73216K, used 5613K [0x00000000f2200000, 0x00000000f9a00000, 0x0000000100000000)
  eden space 67584K, 0% used [0x00000000f2200000,0x00000000f2200000,0x00000000f6400000)
  from space 5632K, 99% used [0x00000000f6400000,0x00000000f697b400,0x00000000f6980000)
  to   space 7168K, 0% used [0x00000000f9300000,0x00000000f9300000,0x00000000f9a00000)
 ParOldGen       total 21504K, used 12133K [0x00000000d6600000, 0x00000000d7b00000, 0x00000000f2200000)
  object space 21504K, 56% used [0x00000000d6600000,0x00000000d71d9768,0x00000000d7b00000)
 PSPermGen       total 28160K, used 27879K [0x00000000cc000000, 0x00000000cdb80000, 0x00000000d6600000)
  object space 28160K, 99% used [0x00000000cc000000,0x00000000cdb39ea0,0x00000000cdb80000)
}
Event: 9.184 GC heap before
{Heap before GC invocations=10 (full 0):
 PSYoungGen      total 73216K, used 73197K [0x00000000f2200000, 0x00000000f9a00000, 0x0000000100000000)
  eden space 67584K, 100% used [0x00000000f2200000,0x00000000f6400000,0x00000000f6400000)
  from space 5632K, 99% used [0x00000000f6400000,0x00000000f697b400,0x00000000f6980000)
  to   space 7168K, 0% used [0x00000000f9300000,0x00000000f9300000,0x00000000f9a00000)
 ParOldGen       total 21504K, used 12133K [0x00000000d6600000, 0x00000000d7b00000, 0x00000000f2200000)
  object space 21504K, 56% used [0x00000000d6600000,0x00000000d71d9768,0x00000000d7b00000)
 PSPermGen       total 29184K, used 28673K [0x00000000cc000000, 0x00000000cdc80000, 0x00000000d6600000)
  object space 29184K, 98% used [0x00000000cc000000,0x00000000cdc006e0,0x00000000cdc80000)
Event: 9.200 GC heap after
Heap after GC invocations=10 (full 0):
 PSYoungGen      total 115712K, used 2272K [0x00000000f2200000, 0x00000000f9a00000, 0x0000000100000000)
  eden space 108544K, 0% used [0x00000000f2200000,0x00000000f2200000,0x00000000f8c00000)
  from space 7168K, 31% used [0x00000000f9300000,0x00000000f9538010,0x00000000f9a00000)
  to   space 7168K, 0% used [0x00000000f8c00000,0x00000000f8c00000,0x00000000f9300000)
 ParOldGen       total 21504K, used 14638K [0x00000000d6600000, 0x00000000d7b00000, 0x00000000f2200000)
  object space 21504K, 68% used [0x00000000d6600000,0x00000000d744b960,0x00000000d7b00000)
 PSPermGen       total 29184K, used 28673K [0x00000000cc000000, 0x00000000cdc80000, 0x00000000d6600000)
  object space 29184K, 98% used [0x00000000cc000000,0x00000000cdc006e0,0x00000000cdc80000)
}
Event: 9.566 GC heap before
{Heap before GC invocations=11 (full 0):
 PSYoungGen      total 115712K, used 110816K [0x00000000f2200000, 0x00000000f9a00000, 0x0000000100000000)
  eden space 108544K, 100% used [0x00000000f2200000,0x00000000f8c00000,0x00000000f8c00000)
  from space 7168K, 31% used [0x00000000f9300000,0x00000000f9538010,0x00000000f9a00000)
  to   space 7168K, 0% used [0x00000000f8c00000,0x00000000f8c00000,0x00000000f9300000)
 ParOldGen       total 21504K, used 14638K [0x00000000d6600000, 0x00000000d7b00000, 0x00000000f2200000)
  object space 21504K, 68% used [0x00000000d6600000,0x00000000d744b960,0x00000000d7b00000)
 PSPermGen       total 29184K, used 28679K [0x00000000cc000000, 0x00000000cdc80000, 0x00000000d6600000)
  object space 29184K, 98% used [0x00000000cc000000,0x00000000cdc01ef0,0x00000000cdc80000)

