# JRE version: OpenJDK Runtime Environment (7.0_91-b02) (build 1.7.0_91-b02)
# Java VM: OpenJDK 64-Bit Server VM (24.91-b01 mixed mode linux-amd64 compressed oops)
Heap
 PSYoungGen      total 181248K, used 5358K [0x00000000f2200000, 0x00000000fda00000, 0x0000000100000000)
  eden space 174080K, 0% used [0x00000000f2200000,0x00000000f2200000,0x00000000fcc00000)
  from space 7168K, 74% used [0x00000000fcc00000,0x00000000fd13b9e0,0x00000000fd300000)
  to   space 7168K, 0% used [0x00000000fd300000,0x00000000fd300000,0x00000000fda00000)
 ParOldGen       total 21504K, used 17527K [0x00000000d6600000, 0x00000000d7b00000, 0x00000000f2200000)
  object space 21504K, 81% used [0x00000000d6600000,0x00000000d771de18,0x00000000d7b00000)
 PSPermGen       total 36352K, used 36105K [0x00000000cc000000, 0x00000000ce380000, 0x00000000d6600000)
  object space 36352K, 99% used [0x00000000cc000000,0x00000000ce3425a8,0x00000000ce380000)
GC Heap History (10 events):
Event: 3.097 GC heap after
Heap after GC invocations=8 (full 0):
 PSYoungGen      total 72192K, used 4586K [0x00000000f2200000, 0x00000000f7000000, 0x0000000100000000)
  eden space 67584K, 0% used [0x00000000f2200000,0x00000000f2200000,0x00000000f6400000)
  from space 4608K, 99% used [0x00000000f6980000,0x00000000f6dfa948,0x00000000f6e00000)
  to   space 5632K, 0% used [0x00000000f6400000,0x00000000f6400000,0x00000000f6980000)
 ParOldGen       total 21504K, used 10307K [0x00000000d6600000, 0x00000000d7b00000, 0x00000000f2200000)
  object space 21504K, 47% used [0x00000000d6600000,0x00000000d7010c30,0x00000000d7b00000)
 PSPermGen       total 23040K, used 22544K [0x00000000cc000000, 0x00000000cd680000, 0x00000000d6600000)
  object space 23040K, 97% used [0x00000000cc000000,0x00000000cd6043a8,0x00000000cd680000)
}
Event: 9.532 GC heap before
{Heap before GC invocations=9 (full 0):
 PSYoungGen      total 72192K, used 72170K [0x00000000f2200000, 0x00000000f7000000, 0x0000000100000000)
  eden space 67584K, 100% used [0x00000000f2200000,0x00000000f6400000,0x00000000f6400000)
  from space 4608K, 99% used [0x00000000f6980000,0x00000000f6dfa948,0x00000000f6e00000)
  to   space 5632K, 0% used [0x00000000f6400000,0x00000000f6400000,0x00000000f6980000)
 ParOldGen       total 21504K, used 10307K [0x00000000d6600000, 0x00000000d7b00000, 0x00000000f2200000)
  object space 21504K, 47% used [0x00000000d6600000,0x00000000d7010c30,0x00000000d7b00000)
 PSPermGen       total 28160K, used 27878K [0x00000000cc000000, 0x00000000cdb80000, 0x00000000d6600000)
  object space 28160K, 98% used [0x00000000cc000000,0x00000000cdb398d0,0x00000000cdb80000)
Event: 9.558 GC heap after
Heap after GC invocations=9 (full 0):
 PSYoungGen      total 73216K, used 5619K [0x00000000f2200000, 0x00000000f9a00000, 0x0000000100000000)
  eden space 67584K, 0% used [0x00000000f2200000,0x00000000f2200000,0x00000000f6400000)
  from space 5632K, 99% used [0x00000000f6400000,0x00000000f697cc88,0x00000000f6980000)
  to   space 7168K, 0% used [0x00000000f9300000,0x00000000f9300000,0x00000000f9a00000)
 ParOldGen       total 21504K, used 12027K [0x00000000d6600000, 0x00000000d7b00000, 0x00000000f2200000)
  object space 21504K, 55% used [0x00000000d6600000,0x00000000d71bede8,0x00000000d7b00000)
 PSPermGen       total 28160K, used 27878K [0x00000000cc000000, 0x00000000cdb80000, 0x00000000d6600000)
  object space 28160K, 98% used [0x00000000cc000000,0x00000000cdb398d0,0x00000000cdb80000)
}
Event: 10.735 GC heap before
{Heap before GC invocations=10 (full 0):
 PSYoungGen      total 73216K, used 73203K [0x00000000f2200000, 0x00000000f9a00000, 0x0000000100000000)
  eden space 67584K, 100% used [0x00000000f2200000,0x00000000f6400000,0x00000000f6400000)
  from space 5632K, 99% used [0x00000000f6400000,0x00000000f697cc88,0x00000000f6980000)
  to   space 7168K, 0% used [0x00000000f9300000,0x00000000f9300000,0x00000000f9a00000)
 ParOldGen       total 21504K, used 12027K [0x00000000d6600000, 0x00000000d7b00000, 0x00000000f2200000)
  object space 21504K, 55% used [0x00000000d6600000,0x00000000d71bede8,0x00000000d7b00000)
 PSPermGen       total 28672K, used 28666K [0x00000000cc000000, 0x00000000cdc00000, 0x00000000d6600000)
  object space 28672K, 99% used [0x00000000cc000000,0x00000000cdbfe890,0x00000000cdc00000)
Event: 10.744 GC heap after
Heap after GC invocations=10 (full 0):
 PSYoungGen      total 115712K, used 2304K [0x00000000f2200000, 0x00000000f9a00000, 0x0000000100000000)
  eden space 108544K, 0% used [0x00000000f2200000,0x00000000f2200000,0x00000000f8c00000)
  from space 7168K, 32% used [0x00000000f9300000,0x00000000f9540010,0x00000000f9a00000)
  to   space 7168K, 0% used [0x00000000f8c00000,0x00000000f8c00000,0x00000000f9300000)
 ParOldGen       total 21504K, used 14535K [0x00000000d6600000, 0x00000000d7b00000, 0x00000000f2200000)
  object space 21504K, 67% used [0x00000000d6600000,0x00000000d7431df8,0x00000000d7b00000)
 PSPermGen       total 28672K, used 28666K [0x00000000cc000000, 0x00000000cdc00000, 0x00000000d6600000)
  object space 28672K, 99% used [0x00000000cc000000,0x00000000cdbfe890,0x00000000cdc00000)
}
Event: 10.975 GC heap before
{Heap before GC invocations=11 (full 0):
 PSYoungGen      total 115712K, used 110848K [0x00000000f2200000, 0x00000000f9a00000, 0x0000000100000000)
  eden space 108544K, 100% used [0x00000000f2200000,0x00000000f8c00000,0x00000000f8c00000)
  from space 7168K, 32% used [0x00000000f9300000,0x00000000f9540010,0x00000000f9a00000)
  to   space 7168K, 0% used [0x00000000f8c00000,0x00000000f8c00000,0x00000000f9300000)
 ParOldGen       total 21504K, used 14535K [0x00000000d6600000, 0x00000000d7b00000, 0x00000000f2200000)
  object space 21504K, 67% used [0x00000000d6600000,0x00000000d7431df8,0x00000000d7b00000)
 PSPermGen       total 29184K, used 28672K [0x00000000cc000000, 0x00000000cdc80000, 0x00000000d6600000)
  object space 29184K, 98% used [0x00000000cc000000,0x00000000cdc000a0,0x00000000cdc80000)
Event: 10.983 GC heap after
Heap after GC invocations=11 (full 0):
 PSYoungGen      total 115712K, used 96K [0x00000000f2200000, 0x00000000fda00000, 0x0000000100000000)
  eden space 108544K, 0% used [0x00000000f2200000,0x00000000f2200000,0x00000000f8c00000)
  from space 7168K, 1% used [0x00000000f8c00000,0x00000000f8c18000,0x00000000f9300000)
  to   space 7168K, 0% used [0x00000000fd300000,0x00000000fd300000,0x00000000fda00000)
 ParOldGen       total 21504K, used 16315K [0x00000000d6600000, 0x00000000d7b00000, 0x00000000f2200000)
  object space 21504K, 75% used [0x00000000d6600000,0x00000000d75eeec8,0x00000000d7b00000)
 PSPermGen       total 29184K, used 28672K [0x00000000cc000000, 0x00000000cdc80000, 0x00000000d6600000)
  object space 29184K, 98% used [0x00000000cc000000,0x00000000cdc000a0,0x00000000cdc80000)
}
Event: 14.424 GC heap before
{Heap before GC invocations=12 (full 0):
 PSYoungGen      total 115712K, used 108640K [0x00000000f2200000, 0x00000000fda00000, 0x0000000100000000)
  eden space 108544K, 100% used [0x00000000f2200000,0x00000000f8c00000,0x00000000f8c00000)
  from space 7168K, 1% used [0x00000000f8c00000,0x00000000f8c18000,0x00000000f9300000)
  to   space 7168K, 0% used [0x00000000fd300000,0x00000000fd300000,0x00000000fda00000)
 ParOldGen       total 21504K, used 16315K [0x00000000d6600000, 0x00000000d7b00000, 0x00000000f2200000)
  object space 21504K, 75% used [0x00000000d6600000,0x00000000d75eeec8,0x00000000d7b00000)
 PSPermGen       total 31744K, used 31693K [0x00000000cc000000, 0x00000000cdf00000, 0x00000000d6600000)
  object space 31744K, 99% used [0x00000000cc000000,0x00000000cdef3480,0x00000000cdf00000)
Event: 14.429 GC heap after
Heap after GC invocations=12 (full 0):
 PSYoungGen      total 181248K, used 3406K [0x00000000f2200000, 0x00000000fda00000, 0x0000000100000000)
  eden space 174080K, 0% used [0x00000000f2200000,0x00000000f2200000,0x00000000fcc00000)
  from space 7168K, 47% used [0x00000000fd300000,0x00000000fd653a08,0x00000000fda00000)
  to   space 7168K, 0% used [0x00000000fcc00000,0x00000000fcc00000,0x00000000fd300000)
 ParOldGen       total 21504K, used 16331K [0x00000000d6600000, 0x00000000d7b00000, 0x00000000f2200000)
  object space 21504K, 75% used [0x00000000d6600000,0x00000000d75f2ec8,0x00000000d7b00000)
 PSPermGen       total 31744K, used 31693K [0x00000000cc000000, 0x00000000cdf00000, 0x00000000d6600000)
  object space 31744K, 99% used [0x00000000cc000000,0x00000000cdef3480,0x00000000cdf00000)
}
Event: 136.291 GC heap before
{Heap before GC invocations=13 (full 0):
 PSYoungGen      total 181248K, used 177486K [0x00000000f2200000, 0x00000000fda00000, 0x0000000100000000)
  eden space 174080K, 100% used [0x00000000f2200000,0x00000000fcc00000,0x00000000fcc00000)
  from space 7168K, 47% used [0x00000000fd300000,0x00000000fd653a08,0x00000000fda00000)
  to   space 7168K, 0% used [0x00000000fcc00000,0x00000000fcc00000,0x00000000fd300000)
 ParOldGen       total 21504K, used 16331K [0x00000000d6600000, 0x00000000d7b00000, 0x00000000f2200000)
  object space 21504K, 75% used [0x00000000d6600000,0x00000000d75f2ec8,0x00000000d7b00000)
 PSPermGen       total 36352K, used 36105K [0x00000000cc000000, 0x00000000ce380000, 0x00000000d6600000)
  object space 36352K, 99% used [0x00000000cc000000,0x00000000ce3425a8,0x00000000ce380000)

