# JRE version: OpenJDK Runtime Environment (7.0_91-b02) (build 1.7.0_91-b02)
# Java VM: OpenJDK 64-Bit Server VM (24.91-b01 mixed mode linux-amd64 compressed oops)
Heap
 PSYoungGen      total 167424K, used 0K [0x00000000f2200000, 0x00000000ffa80000, 0x0000000100000000)
  eden space 165888K, 0% used [0x00000000f2200000,0x00000000f2200000,0x00000000fc400000)
  from space 1536K, 0% used [0x00000000ff900000,0x00000000ff900000,0x00000000ffa80000)
  to   space 7168K, 0% used [0x00000000fec80000,0x00000000fec80000,0x00000000ff380000)
 ParOldGen       total 29696K, used 14639K [0x00000000d6600000, 0x00000000d8300000, 0x00000000f2200000)
  object space 29696K, 49% used [0x00000000d6600000,0x00000000d744bd30,0x00000000d8300000)
 PSPermGen       total 36864K, used 36809K [0x00000000cc000000, 0x00000000ce400000, 0x00000000d6600000)
  object space 36864K, 99% used [0x00000000cc000000,0x00000000ce3f24c8,0x00000000ce400000)
GC Heap History (10 events):
Event: 8.941 GC heap after
Heap after GC invocations=10 (full 0):
 PSYoungGen      total 115712K, used 2272K [0x00000000f2200000, 0x00000000f9a00000, 0x0000000100000000)
  eden space 108544K, 0% used [0x00000000f2200000,0x00000000f2200000,0x00000000f8c00000)
  from space 7168K, 31% used [0x00000000f9300000,0x00000000f9538010,0x00000000f9a00000)
  to   space 7168K, 0% used [0x00000000f8c00000,0x00000000f8c00000,0x00000000f9300000)
 ParOldGen       total 21504K, used 14490K [0x00000000d6600000, 0x00000000d7b00000, 0x00000000f2200000)
  object space 21504K, 67% used [0x00000000d6600000,0x00000000d7426828,0x00000000d7b00000)
 PSPermGen       total 28672K, used 28666K [0x00000000cc000000, 0x00000000cdc00000, 0x00000000d6600000)
  object space 28672K, 99% used [0x00000000cc000000,0x00000000cdbfebd8,0x00000000cdc00000)
}
Event: 9.102 GC heap before
{Heap before GC invocations=11 (full 0):
 PSYoungGen      total 115712K, used 110816K [0x00000000f2200000, 0x00000000f9a00000, 0x0000000100000000)
  eden space 108544K, 100% used [0x00000000f2200000,0x00000000f8c00000,0x00000000f8c00000)
  from space 7168K, 31% used [0x00000000f9300000,0x00000000f9538010,0x00000000f9a00000)
  to   space 7168K, 0% used [0x00000000f8c00000,0x00000000f8c00000,0x00000000f9300000)
 ParOldGen       total 21504K, used 14490K [0x00000000d6600000, 0x00000000d7b00000, 0x00000000f2200000)
  object space 21504K, 67% used [0x00000000d6600000,0x00000000d7426828,0x00000000d7b00000)
 PSPermGen       total 29184K, used 28672K [0x00000000cc000000, 0x00000000cdc80000, 0x00000000d6600000)
  object space 29184K, 98% used [0x00000000cc000000,0x00000000cdc003c8,0x00000000cdc80000)
Event: 9.110 GC heap after
Heap after GC invocations=11 (full 0):
 PSYoungGen      total 115712K, used 64K [0x00000000f2200000, 0x00000000fda00000, 0x0000000100000000)
  eden space 108544K, 0% used [0x00000000f2200000,0x00000000f2200000,0x00000000f8c00000)
  from space 7168K, 0% used [0x00000000f8c00000,0x00000000f8c10000,0x00000000f9300000)
  to   space 7168K, 0% used [0x00000000fd300000,0x00000000fd300000,0x00000000fda00000)
 ParOldGen       total 21504K, used 16278K [0x00000000d6600000, 0x00000000d7b00000, 0x00000000f2200000)
  object space 21504K, 75% used [0x00000000d6600000,0x00000000d75e58d8,0x00000000d7b00000)
 PSPermGen       total 29184K, used 28672K [0x00000000cc000000, 0x00000000cdc80000, 0x00000000d6600000)
  object space 29184K, 98% used [0x00000000cc000000,0x00000000cdc003c8,0x00000000cdc80000)
}
Event: 12.450 GC heap before
{Heap before GC invocations=12 (full 0):
 PSYoungGen      total 115712K, used 108608K [0x00000000f2200000, 0x00000000fda00000, 0x0000000100000000)
  eden space 108544K, 100% used [0x00000000f2200000,0x00000000f8c00000,0x00000000f8c00000)
  from space 7168K, 0% used [0x00000000f8c00000,0x00000000f8c10000,0x00000000f9300000)
  to   space 7168K, 0% used [0x00000000fd300000,0x00000000fd300000,0x00000000fda00000)
 ParOldGen       total 21504K, used 16278K [0x00000000d6600000, 0x00000000d7b00000, 0x00000000f2200000)
  object space 21504K, 75% used [0x00000000d6600000,0x00000000d75e58d8,0x00000000d7b00000)
 PSPermGen       total 31744K, used 31558K [0x00000000cc000000, 0x00000000cdf00000, 0x00000000d6600000)
  object space 31744K, 99% used [0x00000000cc000000,0x00000000cded19a8,0x00000000cdf00000)
Event: 12.455 GC heap after
Heap after GC invocations=12 (full 0):
 PSYoungGen      total 180224K, used 3264K [0x00000000f2200000, 0x00000000fd900000, 0x0000000100000000)
  eden space 174080K, 0% used [0x00000000f2200000,0x00000000f2200000,0x00000000fcc00000)
  from space 6144K, 53% used [0x00000000fd300000,0x00000000fd630258,0x00000000fd900000)
  to   space 6656K, 0% used [0x00000000fcc00000,0x00000000fcc00000,0x00000000fd280000)
 ParOldGen       total 21504K, used 16294K [0x00000000d6600000, 0x00000000d7b00000, 0x00000000f2200000)
  object space 21504K, 75% used [0x00000000d6600000,0x00000000d75e98d8,0x00000000d7b00000)
 PSPermGen       total 31744K, used 31558K [0x00000000cc000000, 0x00000000cdf00000, 0x00000000d6600000)
  object space 31744K, 99% used [0x00000000cc000000,0x00000000cded19a8,0x00000000cdf00000)
}
Event: 67.434 GC heap before
{Heap before GC invocations=13 (full 0):
 PSYoungGen      total 180224K, used 177344K [0x00000000f2200000, 0x00000000fd900000, 0x0000000100000000)
  eden space 174080K, 100% used [0x00000000f2200000,0x00000000fcc00000,0x00000000fcc00000)
  from space 6144K, 53% used [0x00000000fd300000,0x00000000fd630258,0x00000000fd900000)
  to   space 6656K, 0% used [0x00000000fcc00000,0x00000000fcc00000,0x00000000fd280000)
 ParOldGen       total 21504K, used 16294K [0x00000000d6600000, 0x00000000d7b00000, 0x00000000f2200000)
  object space 21504K, 75% used [0x00000000d6600000,0x00000000d75e98d8,0x00000000d7b00000)
 PSPermGen       total 36864K, used 36632K [0x00000000cc000000, 0x00000000ce400000, 0x00000000d6600000)
  object space 36864K, 99% used [0x00000000cc000000,0x00000000ce3c6188,0x00000000ce400000)
Event: 67.446 GC heap after
Heap after GC invocations=13 (full 0):
 PSYoungGen      total 180736K, used 5371K [0x00000000f2200000, 0x0000000100000000, 0x0000000100000000)
  eden space 174080K, 0% used [0x00000000f2200000,0x00000000f2200000,0x00000000fcc00000)
  from space 6656K, 80% used [0x00000000fcc00000,0x00000000fd13ef38,0x00000000fd280000)
  to   space 7168K, 0% used [0x00000000ff900000,0x00000000ff900000,0x0000000100000000)
 ParOldGen       total 21504K, used 17481K [0x00000000d6600000, 0x00000000d7b00000, 0x00000000f2200000)
  object space 21504K, 81% used [0x00000000d6600000,0x00000000d77124f0,0x00000000d7b00000)
 PSPermGen       total 36864K, used 36632K [0x00000000cc000000, 0x00000000ce400000, 0x00000000d6600000)
  object space 36864K, 99% used [0x00000000cc000000,0x00000000ce3c6188,0x00000000ce400000)
}
Event: 131.360 GC heap before
{Heap before GC invocations=14 (full 0):
 PSYoungGen      total 180736K, used 179451K [0x00000000f2200000, 0x0000000100000000, 0x0000000100000000)
  eden space 174080K, 100% used [0x00000000f2200000,0x00000000fcc00000,0x00000000fcc00000)
  from space 6656K, 80% used [0x00000000fcc00000,0x00000000fd13ef38,0x00000000fd280000)
  to   space 7168K, 0% used [0x00000000ff900000,0x00000000ff900000,0x0000000100000000)
 ParOldGen       total 21504K, used 17481K [0x00000000d6600000, 0x00000000d7b00000, 0x00000000f2200000)
  object space 21504K, 81% used [0x00000000d6600000,0x00000000d77124f0,0x00000000d7b00000)
 PSPermGen       total 36864K, used 36824K [0x00000000cc000000, 0x00000000ce400000, 0x00000000d6600000)
  object space 36864K, 99% used [0x00000000cc000000,0x00000000ce3f6340,0x00000000ce400000)
Event: 131.378 GC heap after
Heap after GC invocations=14 (full 0):
 PSYoungGen      total 167424K, used 1104K [0x00000000f2200000, 0x00000000ffa80000, 0x0000000100000000)
  eden space 165888K, 0% used [0x00000000f2200000,0x00000000f2200000,0x00000000fc400000)
  from space 1536K, 71% used [0x00000000ff900000,0x00000000ffa14040,0x00000000ffa80000)
  to   space 7168K, 0% used [0x00000000fec80000,0x00000000fec80000,0x00000000ff380000)
 ParOldGen       total 21504K, used 21020K [0x00000000d6600000, 0x00000000d7b00000, 0x00000000f2200000)
  object space 21504K, 97% used [0x00000000d6600000,0x00000000d7a87038,0x00000000d7b00000)
 PSPermGen       total 36864K, used 36824K [0x00000000cc000000, 0x00000000ce400000, 0x00000000d6600000)
  object space 36864K, 99% used [0x00000000cc000000,0x00000000ce3f6340,0x00000000ce400000)
}
Event: 131.378 GC heap before
{Heap before GC invocations=15 (full 1):
 PSYoungGen      total 167424K, used 1104K [0x00000000f2200000, 0x00000000ffa80000, 0x0000000100000000)
  eden space 165888K, 0% used [0x00000000f2200000,0x00000000f2200000,0x00000000fc400000)
  from space 1536K, 71% used [0x00000000ff900000,0x00000000ffa14040,0x00000000ffa80000)
  to   space 7168K, 0% used [0x00000000fec80000,0x00000000fec80000,0x00000000ff380000)
 ParOldGen       total 21504K, used 21020K [0x00000000d6600000, 0x00000000d7b00000, 0x00000000f2200000)
  object space 21504K, 97% used [0x00000000d6600000,0x00000000d7a87038,0x00000000d7b00000)
 PSPermGen       total 36864K, used 36824K [0x00000000cc000000, 0x00000000ce400000, 0x00000000d6600000)
  object space 36864K, 99% used [0x00000000cc000000,0x00000000ce3f6340,0x00000000ce400000)

