# JRE version: OpenJDK Runtime Environment (7.0_91-b02) (build 1.7.0_91-b02)
# Java VM: OpenJDK 64-Bit Server VM (24.91-b01 mixed mode linux-amd64 compressed oops)
Heap
 PSYoungGen      total 38400K, used 3858K [0x00000000f2200000, 0x00000000f4c00000, 0x0000000100000000)
  eden space 34304K, 0% used [0x00000000f2200000,0x00000000f2200000,0x00000000f4380000)
  from space 4096K, 94% used [0x00000000f4380000,0x00000000f4744b10,0x00000000f4780000)
  to   space 3584K, 0% used [0x00000000f4780000,0x00000000f4780000,0x00000000f4b00000)
 ParOldGen       total 21504K, used 8752K [0x00000000d6600000, 0x00000000d7b00000, 0x00000000f2200000)
  object space 21504K, 40% used [0x00000000d6600000,0x00000000d6e8c310,0x00000000d7b00000)
 PSPermGen       total 21504K, used 19253K [0x00000000cc000000, 0x00000000cd500000, 0x00000000d6600000)
  object space 21504K, 89% used [0x00000000cc000000,0x00000000cd2cd5b0,0x00000000cd500000)
GC Heap History (10 events):
Event: 0.878 GC heap after
Heap after GC invocations=2 (full 0):
 PSYoungGen      total 9728K, used 1008K [0x00000000f2200000, 0x00000000f3500000, 0x0000000100000000)
  eden space 8704K, 0% used [0x00000000f2200000,0x00000000f2200000,0x00000000f2a80000)
  from space 1024K, 98% used [0x00000000f2b80000,0x00000000f2c7c010,0x00000000f2c80000)
  to   space 1024K, 0% used [0x00000000f2a80000,0x00000000f2a80000,0x00000000f2b80000)
 ParOldGen       total 21504K, used 3006K [0x00000000d6600000, 0x00000000d7b00000, 0x00000000f2200000)
  object space 21504K, 13% used [0x00000000d6600000,0x00000000d68ef930,0x00000000d7b00000)
 PSPermGen       total 21504K, used 9339K [0x00000000cc000000, 0x00000000cd500000, 0x00000000d6600000)
  object space 21504K, 43% used [0x00000000cc000000,0x00000000cc91ef10,0x00000000cd500000)
}
Event: 1.167 GC heap before
{Heap before GC invocations=3 (full 0):
 PSYoungGen      total 9728K, used 9712K [0x00000000f2200000, 0x00000000f3500000, 0x0000000100000000)
  eden space 8704K, 100% used [0x00000000f2200000,0x00000000f2a80000,0x00000000f2a80000)
  from space 1024K, 98% used [0x00000000f2b80000,0x00000000f2c7c010,0x00000000f2c80000)
  to   space 1024K, 0% used [0x00000000f2a80000,0x00000000f2a80000,0x00000000f2b80000)
 ParOldGen       total 21504K, used 3006K [0x00000000d6600000, 0x00000000d7b00000, 0x00000000f2200000)
  object space 21504K, 13% used [0x00000000d6600000,0x00000000d68ef930,0x00000000d7b00000)
 PSPermGen       total 21504K, used 11280K [0x00000000cc000000, 0x00000000cd500000, 0x00000000d6600000)
  object space 21504K, 52% used [0x00000000cc000000,0x00000000ccb04080,0x00000000cd500000)
Event: 1.173 GC heap after
Heap after GC invocations=3 (full 0):
 PSYoungGen      total 9728K, used 1008K [0x00000000f2200000, 0x00000000f3500000, 0x0000000100000000)
  eden space 8704K, 0% used [0x00000000f2200000,0x00000000f2200000,0x00000000f2a80000)
  from space 1024K, 98% used [0x00000000f2a80000,0x00000000f2b7c030,0x00000000f2b80000)
  to   space 1024K, 0% used [0x00000000f3400000,0x00000000f3400000,0x00000000f3500000)
 ParOldGen       total 21504K, used 4605K [0x00000000d6600000, 0x00000000d7b00000, 0x00000000f2200000)
  object space 21504K, 21% used [0x00000000d6600000,0x00000000d6a7f420,0x00000000d7b00000)
 PSPermGen       total 21504K, used 11280K [0x00000000cc000000, 0x00000000cd500000, 0x00000000d6600000)
  object space 21504K, 52% used [0x00000000cc000000,0x00000000ccb04080,0x00000000cd500000)
}
Event: 1.422 GC heap before
{Heap before GC invocations=4 (full 0):
 PSYoungGen      total 9728K, used 9712K [0x00000000f2200000, 0x00000000f3500000, 0x0000000100000000)
  eden space 8704K, 100% used [0x00000000f2200000,0x00000000f2a80000,0x00000000f2a80000)
  from space 1024K, 98% used [0x00000000f2a80000,0x00000000f2b7c030,0x00000000f2b80000)
  to   space 1024K, 0% used [0x00000000f3400000,0x00000000f3400000,0x00000000f3500000)
 ParOldGen       total 21504K, used 4605K [0x00000000d6600000, 0x00000000d7b00000, 0x00000000f2200000)
  object space 21504K, 21% used [0x00000000d6600000,0x00000000d6a7f420,0x00000000d7b00000)
 PSPermGen       total 21504K, used 12743K [0x00000000cc000000, 0x00000000cd500000, 0x00000000d6600000)
  object space 21504K, 59% used [0x00000000cc000000,0x00000000ccc71f70,0x00000000cd500000)
Event: 1.428 GC heap after
Heap after GC invocations=4 (full 0):
 PSYoungGen      total 18432K, used 992K [0x00000000f2200000, 0x00000000f3500000, 0x0000000100000000)
  eden space 17408K, 0% used [0x00000000f2200000,0x00000000f2200000,0x00000000f3300000)
  from space 1024K, 96% used [0x00000000f3400000,0x00000000f34f8020,0x00000000f3500000)
  to   space 1024K, 0% used [0x00000000f3300000,0x00000000f3300000,0x00000000f3400000)
 ParOldGen       total 21504K, used 6079K [0x00000000d6600000, 0x00000000d7b00000, 0x00000000f2200000)
  object space 21504K, 28% used [0x00000000d6600000,0x00000000d6befee8,0x00000000d7b00000)
 PSPermGen       total 21504K, used 12743K [0x00000000cc000000, 0x00000000cd500000, 0x00000000d6600000)
  object space 21504K, 59% used [0x00000000cc000000,0x00000000ccc71f70,0x00000000cd500000)
}
Event: 1.888 GC heap before
{Heap before GC invocations=5 (full 0):
 PSYoungGen      total 18432K, used 18400K [0x00000000f2200000, 0x00000000f3500000, 0x0000000100000000)
  eden space 17408K, 100% used [0x00000000f2200000,0x00000000f3300000,0x00000000f3300000)
  from space 1024K, 96% used [0x00000000f3400000,0x00000000f34f8020,0x00000000f3500000)
  to   space 1024K, 0% used [0x00000000f3300000,0x00000000f3300000,0x00000000f3400000)
 ParOldGen       total 21504K, used 6079K [0x00000000d6600000, 0x00000000d7b00000, 0x00000000f2200000)
  object space 21504K, 28% used [0x00000000d6600000,0x00000000d6befee8,0x00000000d7b00000)
 PSPermGen       total 21504K, used 14570K [0x00000000cc000000, 0x00000000cd500000, 0x00000000d6600000)
  object space 21504K, 67% used [0x00000000cc000000,0x00000000cce3a870,0x00000000cd500000)
Event: 1.899 GC heap after
Heap after GC invocations=5 (full 0):
 PSYoungGen      total 18432K, used 992K [0x00000000f2200000, 0x00000000f4b00000, 0x0000000100000000)
  eden space 17408K, 0% used [0x00000000f2200000,0x00000000f2200000,0x00000000f3300000)
  from space 1024K, 96% used [0x00000000f3300000,0x00000000f33f8020,0x00000000f3400000)
  to   space 3584K, 0% used [0x00000000f4780000,0x00000000f4780000,0x00000000f4b00000)
 ParOldGen       total 21504K, used 8249K [0x00000000d6600000, 0x00000000d7b00000, 0x00000000f2200000)
  object space 21504K, 38% used [0x00000000d6600000,0x00000000d6e0e7b0,0x00000000d7b00000)
 PSPermGen       total 21504K, used 14570K [0x00000000cc000000, 0x00000000cd500000, 0x00000000d6600000)
  object space 21504K, 67% used [0x00000000cc000000,0x00000000cce3a870,0x00000000cd500000)
}
Event: 2.335 GC heap before
{Heap before GC invocations=6 (full 0):
 PSYoungGen      total 18432K, used 18400K [0x00000000f2200000, 0x00000000f4b00000, 0x0000000100000000)
  eden space 17408K, 100% used [0x00000000f2200000,0x00000000f3300000,0x00000000f3300000)
  from space 1024K, 96% used [0x00000000f3300000,0x00000000f33f8020,0x00000000f3400000)
  to   space 3584K, 0% used [0x00000000f4780000,0x00000000f4780000,0x00000000f4b00000)
 ParOldGen       total 21504K, used 8249K [0x00000000d6600000, 0x00000000d7b00000, 0x00000000f2200000)
  object space 21504K, 38% used [0x00000000d6600000,0x00000000d6e0e7b0,0x00000000d7b00000)
 PSPermGen       total 21504K, used 17344K [0x00000000cc000000, 0x00000000cd500000, 0x00000000d6600000)
  object space 21504K, 80% used [0x00000000cc000000,0x00000000cd0f0028,0x00000000cd500000)
Event: 2.347 GC heap after
Heap after GC invocations=6 (full 0):
 PSYoungGen      total 37888K, used 3535K [0x00000000f2200000, 0x00000000f4c00000, 0x0000000100000000)
  eden space 34304K, 0% used [0x00000000f2200000,0x00000000f2200000,0x00000000f4380000)
  from space 3584K, 98% used [0x00000000f4780000,0x00000000f4af3cf0,0x00000000f4b00000)
  to   space 4096K, 0% used [0x00000000f4380000,0x00000000f4380000,0x00000000f4780000)
 ParOldGen       total 21504K, used 8249K [0x00000000d6600000, 0x00000000d7b00000, 0x00000000f2200000)
  object space 21504K, 38% used [0x00000000d6600000,0x00000000d6e0e7b0,0x00000000d7b00000)
 PSPermGen       total 21504K, used 17344K [0x00000000cc000000, 0x00000000cd500000, 0x00000000d6600000)
  object space 21504K, 80% used [0x00000000cc000000,0x00000000cd0f0028,0x00000000cd500000)
}
Event: 2.795 GC heap before
{Heap before GC invocations=7 (full 0):
 PSYoungGen      total 37888K, used 37839K [0x00000000f2200000, 0x00000000f4c00000, 0x0000000100000000)
  eden space 34304K, 100% used [0x00000000f2200000,0x00000000f4380000,0x00000000f4380000)
  from space 3584K, 98% used [0x00000000f4780000,0x00000000f4af3cf0,0x00000000f4b00000)
  to   space 4096K, 0% used [0x00000000f4380000,0x00000000f4380000,0x00000000f4780000)
 ParOldGen       total 21504K, used 8249K [0x00000000d6600000, 0x00000000d7b00000, 0x00000000f2200000)
  object space 21504K, 38% used [0x00000000d6600000,0x00000000d6e0e7b0,0x00000000d7b00000)
 PSPermGen       total 21504K, used 19253K [0x00000000cc000000, 0x00000000cd500000, 0x00000000d6600000)
  object space 21504K, 89% used [0x00000000cc000000,0x00000000cd2cd5b0,0x00000000cd500000)

