# JRE version: OpenJDK Runtime Environment (7.0_91-b02) (build 1.7.0_91-b02)
# Java VM: OpenJDK 64-Bit Server VM (24.91-b01 mixed mode linux-amd64 compressed oops)
Heap
 PSYoungGen      total 35840K, used 1008K [0x00000000f2200000, 0x00000000f4600000, 0x0000000100000000)
  eden space 34816K, 0% used [0x00000000f2200000,0x00000000f2200000,0x00000000f4400000)
  from space 1024K, 98% used [0x00000000f4400000,0x00000000f44fc030,0x00000000f4500000)
  to   space 1024K, 0% used [0x00000000f4500000,0x00000000f4500000,0x00000000f4600000)
 ParOldGen       total 21504K, used 11729K [0x00000000d6600000, 0x00000000d7b00000, 0x00000000f2200000)
  object space 21504K, 54% used [0x00000000d6600000,0x00000000d71745c0,0x00000000d7b00000)
 PSPermGen       total 21504K, used 17861K [0x00000000cc000000, 0x00000000cd500000, 0x00000000d6600000)
  object space 21504K, 83% used [0x00000000cc000000,0x00000000cd171560,0x00000000cd500000)
GC Heap History (9 events):
Event: 0.610 GC heap before
{Heap before GC invocations=1 (full 0):
 PSYoungGen      total 9728K, used 8704K [0x00000000f2200000, 0x00000000f2c80000, 0x0000000100000000)
  eden space 8704K, 100% used [0x00000000f2200000,0x00000000f2a80000,0x00000000f2a80000)
  from space 1024K, 0% used [0x00000000f2b80000,0x00000000f2b80000,0x00000000f2c80000)
  to   space 1024K, 0% used [0x00000000f2a80000,0x00000000f2a80000,0x00000000f2b80000)
 ParOldGen       total 21504K, used 0K [0x00000000d6600000, 0x00000000d7b00000, 0x00000000f2200000)
  object space 21504K, 0% used [0x00000000d6600000,0x00000000d6600000,0x00000000d7b00000)
 PSPermGen       total 21504K, used 6345K [0x00000000cc000000, 0x00000000cd500000, 0x00000000d6600000)
  object space 21504K, 29% used [0x00000000cc000000,0x00000000cc6327f0,0x00000000cd500000)
Event: 0.620 GC heap after
Heap after GC invocations=1 (full 0):
 PSYoungGen      total 9728K, used 1008K [0x00000000f2200000, 0x00000000f3500000, 0x0000000100000000)
  eden space 8704K, 0% used [0x00000000f2200000,0x00000000f2200000,0x00000000f2a80000)
  from space 1024K, 98% used [0x00000000f2a80000,0x00000000f2b7c020,0x00000000f2b80000)
  to   space 1024K, 0% used [0x00000000f3400000,0x00000000f3400000,0x00000000f3500000)
 ParOldGen       total 21504K, used 923K [0x00000000d6600000, 0x00000000d7b00000, 0x00000000f2200000)
  object space 21504K, 4% used [0x00000000d6600000,0x00000000d66e6e30,0x00000000d7b00000)
 PSPermGen       total 21504K, used 6345K [0x00000000cc000000, 0x00000000cd500000, 0x00000000d6600000)
  object space 21504K, 29% used [0x00000000cc000000,0x00000000cc6327f0,0x00000000cd500000)
}
Event: 1.022 GC heap before
{Heap before GC invocations=2 (full 0):
 PSYoungGen      total 9728K, used 9712K [0x00000000f2200000, 0x00000000f3500000, 0x0000000100000000)
  eden space 8704K, 100% used [0x00000000f2200000,0x00000000f2a80000,0x00000000f2a80000)
  from space 1024K, 98% used [0x00000000f2a80000,0x00000000f2b7c020,0x00000000f2b80000)
  to   space 1024K, 0% used [0x00000000f3400000,0x00000000f3400000,0x00000000f3500000)
 ParOldGen       total 21504K, used 923K [0x00000000d6600000, 0x00000000d7b00000, 0x00000000f2200000)
  object space 21504K, 4% used [0x00000000d6600000,0x00000000d66e6e30,0x00000000d7b00000)
 PSPermGen       total 21504K, used 9339K [0x00000000cc000000, 0x00000000cd500000, 0x00000000d6600000)
  object space 21504K, 43% used [0x00000000cc000000,0x00000000cc91ef10,0x00000000cd500000)
Event: 1.027 GC heap after
Heap after GC invocations=2 (full 0):
 PSYoungGen      total 18432K, used 1024K [0x00000000f2200000, 0x00000000f3500000, 0x0000000100000000)
  eden space 17408K, 0% used [0x00000000f2200000,0x00000000f2200000,0x00000000f3300000)
  from space 1024K, 100% used [0x00000000f3400000,0x00000000f3500000,0x00000000f3500000)
  to   space 1024K, 0% used [0x00000000f3300000,0x00000000f3300000,0x00000000f3400000)
 ParOldGen       total 21504K, used 2942K [0x00000000d6600000, 0x00000000d7b00000, 0x00000000f2200000)
  object space 21504K, 13% used [0x00000000d6600000,0x00000000d68df988,0x00000000d7b00000)
 PSPermGen       total 21504K, used 9339K [0x00000000cc000000, 0x00000000cd500000, 0x00000000d6600000)
  object space 21504K, 43% used [0x00000000cc000000,0x00000000cc91ef10,0x00000000cd500000)
}
Event: 1.608 GC heap before
{Heap before GC invocations=3 (full 0):
 PSYoungGen      total 18432K, used 18432K [0x00000000f2200000, 0x00000000f3500000, 0x0000000100000000)
  eden space 17408K, 100% used [0x00000000f2200000,0x00000000f3300000,0x00000000f3300000)
  from space 1024K, 100% used [0x00000000f3400000,0x00000000f3500000,0x00000000f3500000)
  to   space 1024K, 0% used [0x00000000f3300000,0x00000000f3300000,0x00000000f3400000)
 ParOldGen       total 21504K, used 2942K [0x00000000d6600000, 0x00000000d7b00000, 0x00000000f2200000)
  object space 21504K, 13% used [0x00000000d6600000,0x00000000d68df988,0x00000000d7b00000)
 PSPermGen       total 21504K, used 12743K [0x00000000cc000000, 0x00000000cd500000, 0x00000000d6600000)
  object space 21504K, 59% used [0x00000000cc000000,0x00000000ccc71ee8,0x00000000cd500000)
Event: 1.618 GC heap after
Heap after GC invocations=3 (full 0):
 PSYoungGen      total 18432K, used 1024K [0x00000000f2200000, 0x00000000f4600000, 0x0000000100000000)
  eden space 17408K, 0% used [0x00000000f2200000,0x00000000f2200000,0x00000000f3300000)
  from space 1024K, 100% used [0x00000000f3300000,0x00000000f3400000,0x00000000f3400000)
  to   space 1024K, 0% used [0x00000000f4500000,0x00000000f4500000,0x00000000f4600000)
 ParOldGen       total 21504K, used 5986K [0x00000000d6600000, 0x00000000d7b00000, 0x00000000f2200000)
  object space 21504K, 27% used [0x00000000d6600000,0x00000000d6bd89b0,0x00000000d7b00000)
 PSPermGen       total 21504K, used 12743K [0x00000000cc000000, 0x00000000cd500000, 0x00000000d6600000)
  object space 21504K, 59% used [0x00000000cc000000,0x00000000ccc71ee8,0x00000000cd500000)
}
Event: 2.098 GC heap before
{Heap before GC invocations=4 (full 0):
 PSYoungGen      total 18432K, used 18432K [0x00000000f2200000, 0x00000000f4600000, 0x0000000100000000)
  eden space 17408K, 100% used [0x00000000f2200000,0x00000000f3300000,0x00000000f3300000)
  from space 1024K, 100% used [0x00000000f3300000,0x00000000f3400000,0x00000000f3400000)
  to   space 1024K, 0% used [0x00000000f4500000,0x00000000f4500000,0x00000000f4600000)
 ParOldGen       total 21504K, used 5986K [0x00000000d6600000, 0x00000000d7b00000, 0x00000000f2200000)
  object space 21504K, 27% used [0x00000000d6600000,0x00000000d6bd89b0,0x00000000d7b00000)
 PSPermGen       total 21504K, used 14569K [0x00000000cc000000, 0x00000000cd500000, 0x00000000d6600000)
  object space 21504K, 67% used [0x00000000cc000000,0x00000000cce3a788,0x00000000cd500000)
Event: 2.112 GC heap after
Heap after GC invocations=4 (full 0):
 PSYoungGen      total 35840K, used 1008K [0x00000000f2200000, 0x00000000f4600000, 0x0000000100000000)
  eden space 34816K, 0% used [0x00000000f2200000,0x00000000f2200000,0x00000000f4400000)
  from space 1024K, 98% used [0x00000000f4500000,0x00000000f45fc030,0x00000000f4600000)
  to   space 1024K, 0% used [0x00000000f4400000,0x00000000f4400000,0x00000000f4500000)
 ParOldGen       total 21504K, used 8182K [0x00000000d6600000, 0x00000000d7b00000, 0x00000000f2200000)
  object space 21504K, 38% used [0x00000000d6600000,0x00000000d6dfd8d0,0x00000000d7b00000)
 PSPermGen       total 21504K, used 14569K [0x00000000cc000000, 0x00000000cd500000, 0x00000000d6600000)
  object space 21504K, 67% used [0x00000000cc000000,0x00000000cce3a788,0x00000000cd500000)
}
Event: 2.932 GC heap before
{Heap before GC invocations=5 (full 0):
 PSYoungGen      total 35840K, used 35824K [0x00000000f2200000, 0x00000000f4600000, 0x0000000100000000)
  eden space 34816K, 100% used [0x00000000f2200000,0x00000000f4400000,0x00000000f4400000)
  from space 1024K, 98% used [0x00000000f4500000,0x00000000f45fc030,0x00000000f4600000)
  to   space 1024K, 0% used [0x00000000f4400000,0x00000000f4400000,0x00000000f4500000)
 ParOldGen       total 21504K, used 8182K [0x00000000d6600000, 0x00000000d7b00000, 0x00000000f2200000)
  object space 21504K, 38% used [0x00000000d6600000,0x00000000d6dfd8d0,0x00000000d7b00000)
 PSPermGen       total 21504K, used 17861K [0x00000000cc000000, 0x00000000cd500000, 0x00000000d6600000)
  object space 21504K, 83% used [0x00000000cc000000,0x00000000cd171560,0x00000000cd500000)

